::1 GET /books? 200 610 - 72.255 ms
::1 GET /books? 304 - - 54.275 ms
::1 POST /auth/register 201 160 - 246.354 ms
::1 POST /auth/login 200 231 - 154.563 ms
::1 GET /books? 304 - - 59.977 ms
::1 GET /books? 304 - - 56.570 ms
::1 GET /books? 304 - - 54.345 ms
::1 GET /books? 304 - - 58.140 ms
::1 GET /books? 304 - - 3369.935 ms
::1 GET /books? 304 - - 57.285 ms
::1 POST /auth/register 409 50 - 59.290 ms
::1 GET /books? 304 - - 56.445 ms
::1 GET /books? 304 - - 1271.517 ms
::1 POST /auth/login 200 231 - 132.651 ms
::1 GET /books? 304 - - 59.307 ms
::1 GET /books? 304 - - 54.123 ms
::1 DELETE /books/69358e64e1d85ca0c8d5e0e2 200 169 - 98.171 ms
::1 GET /books? 200 464 - 58.185 ms
::1 GET /books? 304 - - 647.856 ms
::1 GET /books? 304 - - 576.443 ms
::1 GET /books? 304 - - 54.621 ms
::1 GET /books? 304 - - 51.911 ms
::1 GET /books? 304 - - 54.351 ms
::1 GET /books? 304 - - 54.799 ms
::1 GET /books? 304 - - 56.973 ms
::1 GET /books? 200 464 - 55.616 ms
::1 GET /books? 304 - - 54.699 ms
::1 POST /auth/login 200 242 - 131.547 ms
::1 GET /books? 304 - - 51.779 ms
::1 GET /books? 304 - - 52.165 ms
::1 PATCH /books/6934be3f9e2f230cd5d9ce61 200 169 - 68.837 ms
::1 GET /books? 200 464 - 51.758 ms
::1 GET /books? 304 - - 54.244 ms
::1 GET /books? 304 - - 55.821 ms
::1 GET /books? 200 464 - 51.233 ms
::1 GET /books? 304 - - 53.896 ms
::1 GET /books? 304 - - 556.385 ms
::1 GET /books? 304 - - 54.515 ms
::1 GET /books? 304 - - 52.099 ms
::1 GET /books? 304 - - 55.881 ms
::1 GET /books? 304 - - 53.287 ms
::1 GET /books? 304 - - 56.096 ms
::1 PATCH /books/6934a5f59e2f230cd5d9ce48 200 170 - 61.474 ms
::1 GET /books? 200 452 - 53.027 ms
::1 GET /books? 304 - - 52.147 ms
::1 GET /books? 304 - - 54.774 ms
::1 GET /books? 200 452 - 56.508 ms
::1 GET /books?title=ray 200 159 - 56.620 ms
::1 POST /auth/register 409 50 - 53.653 ms
::1 POST /auth/register 201 169 - 200.739 ms
::1 POST /auth/login 200 243 - 135.880 ms
::1 GET /books? 304 - - 57.002 ms
::1 POST /books 500 84 - 55.046 ms
::1 POST /books 500 84 - 60.664 ms
::1 POST /books 500 84 - 57.479 ms
::1 POST /books 500 84 - 54.323 ms
::1 POST /books 500 84 - 53.684 ms
::1 POST /books 500 84 - 56.791 ms
::1 POST /books 500 84 - 57.809 ms
::1 GET /books? 304 - - 52.612 ms
::1 POST /auth/login 200 242 - 135.372 ms
::1 GET /books? 304 - - 54.122 ms
::1 POST /books 500 84 - 56.199 ms
::1 GET /books? 304 - - 54.623 ms
::1 POST /books 500 84 - 53.737 ms
::1 POST /books 201 137 - 133.687 ms
::1 GET /books? 200 590 - 57.488 ms
