::1 GET /books?genre=novela 200 610 - 372.884 ms
::1 GET /books?genre=novela 200 610 - 56.729 ms
::1 GET /books?genre=Novela 200 610 - 52.213 ms
::1 GET /books?genre=novela 200 610 - 57.131 ms
::1 GET /books?genre=novela 200 610 - 52.000 ms
::1 GET /books?genre=novela 200 610 - 65.590 ms
::1 GET /books?genre=novela 200 610 - 62.657 ms
::1 GET /books?genre=novela 200 610 - 55.175 ms
::1 GET /books?genre=novela 200 610 - 74.297 ms
::1 GET /books?genre=novela 200 610 - 78.878 ms
::1 GET /books 200 610 - 73.517 ms
::1 GET /books 200 610 - 67.860 ms
::1 GET /books 200 610 - 57.597 ms
::1 GET /books?genre=novela 200 610 - 57.703 ms
::1 GET /books?genre=novela 200 159 - 75.019 ms
::1 GET /books?genre=ciencia-ficcion 200 26 - 75.995 ms
::1 GET /books?genre=ciencia%20ficcion 200 26 - 72.004 ms
::1 GET /books?genre=ciencia%20ficcion 200 26 - 341.672 ms
::1 GET /books?genre=ciencia%20ficcion 200 26 - 57.353 ms
::1 GET /books?genre=ciencia%20ficcion 200 26 - 61.048 ms
::1 GET /books?genre=ciencia%20ficcion 200 26 - 53.267 ms
::1 GET /books?genre=cienciaficcion 200 26 - 54.328 ms
::1 GET /books?genre=ciencia%20ficcion 200 26 - 60.377 ms
::1 GET /books 200 610 - 61.999 ms
::1 GET /books?genre=ciencia%20ficcion 200 26 - 60.546 ms
::1 GET /books?genre=novela 200 159 - 354.339 ms
::1 GET /books?genre=ciencia%20ficcion 200 26 - 58.017 ms
::1 GET /books?genre=ciencia%20ficci%C3%B3n 200 476 - 61.829 ms
::1 GET /books/?minYear=1950&maxYear=2000 200 159 - 77.614 ms
::1 GET /books/?title=ray 200 159 - 365.282 ms
::1 GET /books/?title=los%20j 200 184 - 59.331 ms
::1 GET /books?minYear=1960 200 610 - 369.916 ms
::1 GET /books?minYear=1960&maxYear=2000 200 159 - 62.052 ms
::1 GET /books?minYear=1960&maxYear=2000&title=los 200 26 - 360.483 ms
::1 GET /books?title=maz 200 26 - 653.168 ms
::1 GET /books?title=ray 200 159 - 57.877 ms
