::1 GET /books? 200 610 - 103.973 ms
::1 GET /books? 304 - - 61.627 ms
::1 GET /books? 304 - - 67.162 ms
::1 GET /books? 304 - - 61.994 ms
::1 GET /books?title=ray 200 159 - 59.571 ms
::1 GET /books?title=ins 200 171 - 58.724 ms
::1 GET /books?author=cort 200 159 - 60.417 ms
::1 GET /books?genre=ciencia+ficcion 200 26 - 60.219 ms
::1 GET /books?genre=novela 200 159 - 59.353 ms
::1 GET /books?genre=novela&minYear=3 200 159 - 55.936 ms
::1 GET /books?genre=novela&minYear=3&maxYear=4 200 26 - 56.401 ms
::1 POST /auth/register 400 75 - 5.278 ms
::1 POST /auth/register 400 75 - 0.930 ms
::1 POST /auth/register 400 75 - 1.527 ms
::1 POST /auth/register 400 75 - 0.666 ms
::1 POST /auth/register 400 75 - 1.515 ms
::1 POST /auth/register 429 74 - 1.165 ms
::1 POST /auth/register 429 74 - 0.618 ms
::1 POST /auth/register 400 75 - 7.849 ms
::1 POST /auth/register 400 75 - 2.316 ms
::1 POST /auth/register 400 75 - 1.158 ms
::1 POST /auth/register 400 75 - 0.912 ms
::1 POST /auth/register 400 75 - 0.911 ms
::1 POST /auth/register 400 75 - 14.758 ms
::1 POST /auth/register 400 75 - 2.199 ms
::1 POST /auth/register 400 75 - 1.740 ms
::1 GET /books? 304 - - 85.992 ms
::1 GET /books? 304 - - 62.656 ms
::1 POST /auth/register 201 168 - 374.994 ms
::1 POST /auth/login 200 242 - 254.217 ms
::1 GET /books? 304 - - 61.422 ms
::1 GET /books? 304 - - 57.984 ms
::1 GET /books? 304 - - 93.827 ms
::1 GET /books? 304 - - 62.024 ms
::1 GET /books? 304 - - 61.022 ms
::1 GET /books? 304 - - 60.507 ms
::1 GET /books? 304 - - 58.809 ms
::1 GET /books? 304 - - 58.868 ms
::1 GET /books?minYear=1950&maxYear=2000 200 159 - 60.286 ms
::1 GET /books?minYear=1950&maxYear=2000 304 - - 59.248 ms
::1 POST /books 500 84 - 75.451 ms
::1 POST /books 500 84 - 61.871 ms
::1 POST /books 500 84 - 63.279 ms
